<?xml version="1.0" encoding="UTF-8"?>
<testsuite xmlns:xsi="http://www.w3.org/2001/XMLSchema-instance" xsi:noNamespaceSchemaLocation="https://maven.apache.org/surefire/maven-surefire-plugin/xsd/surefire-test-report-3.0.xsd" version="3.0" name="itson.sistemarestaurantepersistencia.implementaciones.IngredientesDAOTest" time="0.837" tests="7" errors="0" skipped="0" failures="0">
  <properties>
    <property name="java.specification.version" value="21"/>
    <property name="sun.cpu.isalist" value="amd64"/>
    <property name="sun.jnu.encoding" value="Cp1252"/>
    <property name="java.class.path" value="C:\Users\romom\OneDrive\Documentos\NetBeansProjects\SistemaRestaurante\SistemaRestaurantePersistencia\target\test-classes;C:\Users\romom\OneDrive\Documentos\NetBeansProjects\SistemaRestaurante\SistemaRestaurantePersistencia\target\classes;C:\Users\romom\.m2\repository\org\eclipse\persistence\org.eclipse.persistence.core\2.7.12\org.eclipse.persistence.core-2.7.12.jar;C:\Users\romom\.m2\repository\org\eclipse\persistence\org.eclipse.persistence.asm\9.4.0\org.eclipse.persistence.asm-9.4.0.jar;C:\Users\romom\.m2\repository\org\eclipse\persistence\org.eclipse.persistence.antlr\2.7.12\org.eclipse.persistence.antlr-2.7.12.jar;C:\Users\romom\.m2\repository\org\eclipse\persistence\org.eclipse.persistence.jpa\2.7.12\org.eclipse.persistence.jpa-2.7.12.jar;C:\Users\romom\.m2\repository\org\eclipse\persistence\org.eclipse.persistence.jpa.jpql\2.7.12\org.eclipse.persistence.jpa.jpql-2.7.12.jar;C:\Users\romom\.m2\repository\org\eclipse\persistence\org.eclipse.persistence.moxy\2.7.12\org.eclipse.persistence.moxy-2.7.12.jar;C:\Users\romom\.m2\repository\org\eclipse\persistence\jakarta.persistence\2.2.3\jakarta.persistence-2.2.3.jar;C:\Users\romom\.m2\repository\org\eclipse\persistence\org.eclipse.persistence.jpa.modelgen.processor\2.7.12\org.eclipse.persistence.jpa.modelgen.processor-2.7.12.jar;C:\Users\romom\.m2\repository\org\junit\jupiter\junit-jupiter-api\5.10.3\junit-jupiter-api-5.10.3.jar;C:\Users\romom\.m2\repository\org\opentest4j\opentest4j\1.3.0\opentest4j-1.3.0.jar;C:\Users\romom\.m2\repository\org\junit\platform\junit-platform-commons\1.10.3\junit-platform-commons-1.10.3.jar;C:\Users\romom\.m2\repository\org\apiguardian\apiguardian-api\1.1.2\apiguardian-api-1.1.2.jar;C:\Users\romom\.m2\repository\org\junit\jupiter\junit-jupiter-params\5.10.3\junit-jupiter-params-5.10.3.jar;C:\Users\romom\.m2\repository\org\junit\jupiter\junit-jupiter-engine\5.10.3\junit-jupiter-engine-5.10.3.jar;C:\Users\romom\.m2\repository\org\junit\platform\junit-platform-engine\1.10.3\junit-platform-engine-1.10.3.jar;C:\Users\romom\OneDrive\Documentos\NetBeansProjects\SistemaRestaurante\SistemaRestauranteDominio\target\SistemaRestauranteDominio-1.0.jar;C:\Users\romom\.m2\repository\com\mysql\mysql-connector-j\9.2.0\mysql-connector-j-9.2.0.jar;C:\Users\romom\.m2\repository\com\google\protobuf\protobuf-java\4.29.0\protobuf-java-4.29.0.jar;"/>
    <property name="java.vm.vendor" value="Oracle Corporation"/>
    <property name="sun.arch.data.model" value="64"/>
    <property name="user.variant" value=""/>
    <property name="java.vendor.url" value="https://java.oracle.com/"/>
    <property name="user.timezone" value="America/Hermosillo"/>
    <property name="os.name" value="Windows 11"/>
    <property name="java.vm.specification.version" value="21"/>
    <property name="user.country" value="MX"/>
    <property name="sun.java.launcher" value="SUN_STANDARD"/>
    <property name="sun.boot.library.path" value="C:\Program Files\Java\jdk-21\bin"/>
    <property name="sun.java.command" value="C:\Users\romom\AppData\Local\Temp\surefire14400469567212121859\surefirebooter-20250401011822981_3.jar C:\Users\romom\AppData\Local\Temp\surefire14400469567212121859 2025-04-01T01-18-21_164-jvmRun1 surefire-20250401011822981_1tmp surefire_0-20250401011822981_2tmp"/>
    <property name="jdk.debug" value="release"/>
    <property name="surefire.test.class.path" value="C:\Users\romom\OneDrive\Documentos\NetBeansProjects\SistemaRestaurante\SistemaRestaurantePersistencia\target\test-classes;C:\Users\romom\OneDrive\Documentos\NetBeansProjects\SistemaRestaurante\SistemaRestaurantePersistencia\target\classes;C:\Users\romom\.m2\repository\org\eclipse\persistence\org.eclipse.persistence.core\2.7.12\org.eclipse.persistence.core-2.7.12.jar;C:\Users\romom\.m2\repository\org\eclipse\persistence\org.eclipse.persistence.asm\9.4.0\org.eclipse.persistence.asm-9.4.0.jar;C:\Users\romom\.m2\repository\org\eclipse\persistence\org.eclipse.persistence.antlr\2.7.12\org.eclipse.persistence.antlr-2.7.12.jar;C:\Users\romom\.m2\repository\org\eclipse\persistence\org.eclipse.persistence.jpa\2.7.12\org.eclipse.persistence.jpa-2.7.12.jar;C:\Users\romom\.m2\repository\org\eclipse\persistence\org.eclipse.persistence.jpa.jpql\2.7.12\org.eclipse.persistence.jpa.jpql-2.7.12.jar;C:\Users\romom\.m2\repository\org\eclipse\persistence\org.eclipse.persistence.moxy\2.7.12\org.eclipse.persistence.moxy-2.7.12.jar;C:\Users\romom\.m2\repository\org\eclipse\persistence\jakarta.persistence\2.2.3\jakarta.persistence-2.2.3.jar;C:\Users\romom\.m2\repository\org\eclipse\persistence\org.eclipse.persistence.jpa.modelgen.processor\2.7.12\org.eclipse.persistence.jpa.modelgen.processor-2.7.12.jar;C:\Users\romom\.m2\repository\org\junit\jupiter\junit-jupiter-api\5.10.3\junit-jupiter-api-5.10.3.jar;C:\Users\romom\.m2\repository\org\opentest4j\opentest4j\1.3.0\opentest4j-1.3.0.jar;C:\Users\romom\.m2\repository\org\junit\platform\junit-platform-commons\1.10.3\junit-platform-commons-1.10.3.jar;C:\Users\romom\.m2\repository\org\apiguardian\apiguardian-api\1.1.2\apiguardian-api-1.1.2.jar;C:\Users\romom\.m2\repository\org\junit\jupiter\junit-jupiter-params\5.10.3\junit-jupiter-params-5.10.3.jar;C:\Users\romom\.m2\repository\org\junit\jupiter\junit-jupiter-engine\5.10.3\junit-jupiter-engine-5.10.3.jar;C:\Users\romom\.m2\repository\org\junit\platform\junit-platform-engine\1.10.3\junit-platform-engine-1.10.3.jar;C:\Users\romom\OneDrive\Documentos\NetBeansProjects\SistemaRestaurante\SistemaRestauranteDominio\target\SistemaRestauranteDominio-1.0.jar;C:\Users\romom\.m2\repository\com\mysql\mysql-connector-j\9.2.0\mysql-connector-j-9.2.0.jar;C:\Users\romom\.m2\repository\com\google\protobuf\protobuf-java\4.29.0\protobuf-java-4.29.0.jar;"/>
    <property name="sun.cpu.endian" value="little"/>
    <property name="user.home" value="C:\Users\romom"/>
    <property name="user.language" value="es"/>
    <property name="java.specification.vendor" value="Oracle Corporation"/>
    <property name="java.version.date" value="2024-01-16"/>
    <property name="java.home" value="C:\Program Files\Java\jdk-21"/>
    <property name="file.separator" value="\"/>
    <property name="basedir" value="C:\Users\romom\OneDrive\Documentos\NetBeansProjects\SistemaRestaurante\SistemaRestaurantePersistencia"/>
    <property name="java.vm.compressedOopsMode" value="Zero based"/>
    <property name="line.separator" value="&#10;"/>
    <property name="java.vm.specification.vendor" value="Oracle Corporation"/>
    <property name="java.specification.name" value="Java Platform API Specification"/>
    <property name="surefire.real.class.path" value="C:\Users\romom\AppData\Local\Temp\surefire14400469567212121859\surefirebooter-20250401011822981_3.jar"/>
    <property name="user.script" value=""/>
    <property name="sun.management.compiler" value="HotSpot 64-Bit Tiered Compilers"/>
    <property name="java.runtime.version" value="21.0.2+13-LTS-58"/>
    <property name="user.name" value="romom"/>
    <property name="stdout.encoding" value="Cp1252"/>
    <property name="path.separator" value=";"/>
    <property name="os.version" value="10.0"/>
    <property name="java.runtime.name" value="Java(TM) SE Runtime Environment"/>
    <property name="file.encoding" value="UTF-8"/>
    <property name="java.vm.name" value="Java HotSpot(TM) 64-Bit Server VM"/>
    <property name="maven.ext.class.path" value="C:\Program Files\NetBeans-23\netbeans\java\maven-nblib\netbeans-eventspy.jar"/>
    <property name="localRepository" value="C:\Users\romom\.m2\repository"/>
    <property name="java.vendor.url.bug" value="https://bugreport.java.com/bugreport/"/>
    <property name="java.io.tmpdir" value="C:\Users\romom\AppData\Local\Temp\"/>
    <property name="java.version" value="21.0.2"/>
    <property name="user.dir" value="C:\Users\romom\OneDrive\Documentos\NetBeansProjects\SistemaRestaurante\SistemaRestaurantePersistencia"/>
    <property name="os.arch" value="amd64"/>
    <property name="java.vm.specification.name" value="Java Virtual Machine Specification"/>
    <property name="sun.os.patch.level" value=""/>
    <property name="native.encoding" value="Cp1252"/>
    <property name="java.library.path" value="C:\Program Files\Java\jdk-21\bin;C:\WINDOWS\Sun\Java\bin;C:\WINDOWS\system32;C:\WINDOWS;C:\Program Files\Common Files\Oracle\Java\javapath;C:\WINDOWS\system32;C:\WINDOWS;C:\WINDOWS\System32\Wbem;C:\WINDOWS\System32\WindowsPowerShell\v1.0\;C:\WINDOWS\System32\OpenSSH\;C:\Program Files\dotnet\;C:\Program Files\MySQL\MySQL Shell 8.0\bin\;C:\Users\romom\AppData\Local\Programs\Python\Python311\Scripts\;C:\Users\romom\AppData\Local\Programs\Python\Python311\;C:\Users\romom\AppData\Local\Microsoft\WindowsApps;C:\Users\romom\AppData\Local\Programs\Microsoft VS Code\bin;C:\Users\romom\AppData\Local\GitHubDesktop\bin;."/>
    <property name="java.vm.info" value="mixed mode, sharing"/>
    <property name="stderr.encoding" value="Cp1252"/>
    <property name="java.vendor" value="Oracle Corporation"/>
    <property name="java.vm.version" value="21.0.2+13-LTS-58"/>
    <property name="sun.io.unicode.encoding" value="UnicodeLittle"/>
    <property name="java.class.version" value="65.0"/>
  </properties>
  <testcase name="testRegistrarIngredientesSinUnidadGeneraExcepcion" classname="itson.sistemarestaurantepersistencia.implementaciones.IngredientesDAOTest" time="0.462">
    <system-out><![CDATA[[EL Warning]: 2025-04-01 01:18:25.553--UnitOfWork(287859212)--Exception [EclipseLink-4002] (Eclipse Persistence Services - 2.7.12.v20230209-e5c4074ef3): org.eclipse.persistence.exceptions.DatabaseException
Internal Exception: java.sql.SQLIntegrityConstraintViolationException: Column 'unidad' cannot be null
Error Code: 1048
Call: INSERT INTO ingredientes (cantidad, direccion_imagen, nombre, unidad) VALUES (?, ?, ?, ?)
	bind => [4 parameters bound]
Query: InsertObjectQuery(edu.student.itson.dissof.sistemarestaurantedominio.dtos.Ingrediente[ id=null ])
]]></system-out>
  </testcase>
  <testcase name="testRegistrarIngredienteOk" classname="itson.sistemarestaurantepersistencia.implementaciones.IngredientesDAOTest" time="0.063"/>
  <testcase name="testRegistrarIngredienteConMismoNombreUnidad" classname="itson.sistemarestaurantepersistencia.implementaciones.IngredientesDAOTest" time="0.064"/>
  <testcase name="testRegistrarIngredientesSinNombreGeneraExcepcion" classname="itson.sistemarestaurantepersistencia.implementaciones.IngredientesDAOTest" time="0.068">
    <system-out><![CDATA[[EL Warning]: 2025-04-01 01:18:25.761--UnitOfWork(477463877)--Exception [EclipseLink-4002] (Eclipse Persistence Services - 2.7.12.v20230209-e5c4074ef3): org.eclipse.persistence.exceptions.DatabaseException
Internal Exception: java.sql.SQLIntegrityConstraintViolationException: Column 'nombre' cannot be null
Error Code: 1048
Call: INSERT INTO ingredientes (cantidad, direccion_imagen, nombre, unidad) VALUES (?, ?, ?, ?)
	bind => [4 parameters bound]
Query: InsertObjectQuery(edu.student.itson.dissof.sistemarestaurantedominio.dtos.Ingrediente[ id=null ])
]]></system-out>
  </testcase>
  <testcase name="testRegistrarIngredientesSinCantidadGeneraExcepcion" classname="itson.sistemarestaurantepersistencia.implementaciones.IngredientesDAOTest" time="0.059">
    <system-out><![CDATA[[EL Warning]: 2025-04-01 01:18:25.828--UnitOfWork(914171926)--Exception [EclipseLink-4002] (Eclipse Persistence Services - 2.7.12.v20230209-e5c4074ef3): org.eclipse.persistence.exceptions.DatabaseException
Internal Exception: java.sql.SQLIntegrityConstraintViolationException: Column 'cantidad' cannot be null
Error Code: 1048
Call: INSERT INTO ingredientes (cantidad, direccion_imagen, nombre, unidad) VALUES (?, ?, ?, ?)
	bind => [4 parameters bound]
Query: InsertObjectQuery(edu.student.itson.dissof.sistemarestaurantedominio.dtos.Ingrediente[ id=null ])
]]></system-out>
  </testcase>
  <testcase name="testRegistrarIngredientesSinDireccionImagenGeneraExcepcion" classname="itson.sistemarestaurantepersistencia.implementaciones.IngredientesDAOTest" time="0.05">
    <system-out><![CDATA[[EL Warning]: 2025-04-01 01:18:25.88--UnitOfWork(238169801)--Exception [EclipseLink-4002] (Eclipse Persistence Services - 2.7.12.v20230209-e5c4074ef3): org.eclipse.persistence.exceptions.DatabaseException
Internal Exception: java.sql.SQLIntegrityConstraintViolationException: Column 'direccion_imagen' cannot be null
Error Code: 1048
Call: INSERT INTO ingredientes (cantidad, direccion_imagen, nombre, unidad) VALUES (?, ?, ?, ?)
	bind => [4 parameters bound]
Query: InsertObjectQuery(edu.student.itson.dissof.sistemarestaurantedominio.dtos.Ingrediente[ id=null ])
]]></system-out>
  </testcase>
  <testcase name="testConsultarIngredientes" classname="itson.sistemarestaurantepersistencia.implementaciones.IngredientesDAOTest" time="0.066"/>
</testsuite>